<?xml version="1.0" encoding="UTF-8"?>
<!-- Generated by org.testng.reporters.JUnitReportReporter -->
<testsuite hostname="FLXYXQV9TM" failures="0" tests="2" name="mytest.LoginPageTest" time="0.020" errors="0" timestamp="2025-06-19T21:34:44 IST" skipped="0">
  <testcase classname="mytest.LoginPageTest" name="loginPageLogoTest" time="0.017"/>
  <system-out/>
  <testcase classname="mytest.LoginPageTest" name="loginPageTitleTest" time="0.003"/>
  <system-out/>
</testsuite> <!-- mytest.LoginPageTest -->
