<?xml version="1.0" encoding="UTF-8"?>
<!-- Generated by org.testng.reporters.JUnitReportReporter -->
<testsuite hostname="FLXYXQV9TM" failures="0" tests="3" name="mytest.HomePageTest" time="0.646" errors="0" timestamp="2025-06-19T21:34:44 IST" skipped="0">
  <testcase classname="mytest.HomePageTest" name="loginTest" time="0.639"/>
  <system-out/>
  <testcase classname="mytest.HomePageTest" name="homePageTitleTest" time="0.001"/>
  <system-out/>
  <testcase classname="mytest.HomePageTest" name="searchIconDisplayed" time="0.006"/>
  <system-out/>
</testsuite> <!-- mytest.HomePageTest -->
